[0712/102444.908:ERROR:crash_report_database_win.cc(469)] failed to stat report
[0712/124552.994:ERROR:crash_report_database_win.cc(469)] failed to stat report
[0715/130830.847:ERROR:crash_report_database_win.cc(469)] failed to stat report
[0716/121648.190:ERROR:crash_report_database_win.cc(469)] failed to stat report
[0723/105648.998:ERROR:crash_report_database_win.cc(469)] failed to stat report
[0723/105740.494:ERROR:crash_report_database_win.cc(469)] failed to stat report
[0723/142901.480:ERROR:crash_report_database_win.cc(469)] failed to stat report
[0730/112345.963:ERROR:crash_report_database_win.cc(469)] failed to stat report
[0730/112420.510:ERROR:crash_report_database_win.cc(469)] failed to stat report
[0809/193650.706:ERROR:crash_report_database_win.cc(469)] failed to stat report
[0819/214210.902:ERROR:crash_report_database_win.cc(469)] failed to stat report
[0820/123744.027:ERROR:crash_report_database_win.cc(469)] failed to stat report
[0902/153636.494:ERROR:crash_report_database_win.cc(469)] failed to stat report
[0902/182241.040:ERROR:process_memory_win.cc(73)] ReadMemory at 0x1c25a1107d0 of 72 bytes failed: Only part of a ReadProcessMemory or WriteProcessMemory request was completed. (0x12B)
[0902/182241.779:WARNING:pe_image_annotations_reader.cc(134)] could not read annotations list object in C:\Program Files (x86)\Google\Chrome\Application\76.0.3809.132\chrome_elf.dll
[0902/182241.779:ERROR:process_memory_win.cc(73)] ReadMemory at 0x1c259fee440 of 72 bytes failed: Only part of a ReadProcessMemory or WriteProcessMemory request was completed. (0x12B)
[0902/182241.779:WARNING:pe_image_annotations_reader.cc(134)] could not read annotations list object in C:\Program Files (x86)\Google\Chrome\Application\76.0.3809.132\chrome_child.dll
[0902/182241.779:ERROR:process_memory_win.cc(73)] ReadMemory at 0x1c259ed0000 of 64 bytes failed: Only part of a ReadProcessMemory or WriteProcessMemory request was completed. (0x12B)
[0902/182241.779:WARNING:pe_image_reader.cc(340)] could not read dos header from C:\WINDOWS\System32\IMM32.DLL
[0902/182241.779:ERROR:process_memory_win.cc(73)] ReadMemory at 0x1c25a1107d0 of 72 bytes failed: Only part of a ReadProcessMemory or WriteProcessMemory request was completed. (0x12B)
[0902/182241.779:WARNING:pe_image_annotations_reader.cc(134)] could not read annotations list object in C:\Program Files (x86)\Google\Chrome\Application\76.0.3809.132\chrome_elf.dll
[0902/182241.779:ERROR:process_memory_win.cc(73)] ReadMemory at 0x1c259fee440 of 72 bytes failed: Only part of a ReadProcessMemory or WriteProcessMemory request was completed. (0x12B)
[0902/182241.779:WARNING:pe_image_annotations_reader.cc(134)] could not read annotations list object in C:\Program Files (x86)\Google\Chrome\Application\76.0.3809.132\chrome_child.dll
[0902/182241.783:ERROR:process_memory_win.cc(73)] ReadMemory at 0x1c259ed0000 of 64 bytes failed: Only part of a ReadProcessMemory or WriteProcessMemory request was completed. (0x12B)
[0902/182241.783:WARNING:pe_image_reader.cc(340)] could not read dos header from C:\WINDOWS\System32\IMM32.DLL
[0902/182242.447:ERROR:process_memory_win.cc(73)] ReadMemory at 0x2b31f3000 of 53248 bytes failed: Only part of a ReadProcessMemory or WriteProcessMemory request was completed. (0x12B)
[0902/182242.451:ERROR:process_memory_win.cc(73)] ReadMemory at 0x2b33fe000 of 8192 bytes failed: Only part of a ReadProcessMemory or WriteProcessMemory request was completed. (0x12B)
[0902/182242.451:ERROR:process_memory_win.cc(73)] ReadMemory at 0x2b35fd000 of 12288 bytes failed: Only part of a ReadProcessMemory or WriteProcessMemory request was completed. (0x12B)
[0902/182242.451:ERROR:process_memory_win.cc(73)] ReadMemory at 0x2b39fd000 of 12288 bytes failed: Only part of a ReadProcessMemory or WriteProcessMemory request was completed. (0x12B)
[0902/182242.451:ERROR:process_memory_win.cc(73)] ReadMemory at 0x2b3bfc000 of 16384 bytes failed: Only part of a ReadProcessMemory or WriteProcessMemory request was completed. (0x12B)
[0902/182242.451:ERROR:process_memory_win.cc(73)] ReadMemory at 0x2b3dfe000 of 8192 bytes failed: Only part of a ReadProcessMemory or WriteProcessMemory request was completed. (0x12B)
[0902/182242.547:ERROR:process_memory_win.cc(73)] ReadMemory at 0x2b3ffd000 of 12288 bytes failed: Only part of a ReadProcessMemory or WriteProcessMemory request was completed. (0x12B)
[0902/182242.547:ERROR:process_memory_win.cc(73)] ReadMemory at 0x2b41fb000 of 20480 bytes failed: Only part of a ReadProcessMemory or WriteProcessMemory request was completed. (0x12B)
[0902/182242.547:ERROR:process_memory_win.cc(73)] ReadMemory at 0x2b45f5000 of 45056 bytes failed: Only part of a ReadProcessMemory or WriteProcessMemory request was completed. (0x12B)
[0902/182242.547:ERROR:process_memory_win.cc(73)] ReadMemory at 0x2b47f5000 of 45056 bytes failed: Only part of a ReadProcessMemory or WriteProcessMemory request was completed. (0x12B)
[0902/182242.547:ERROR:process_memory_win.cc(73)] ReadMemory at 0x2b49fd000 of 12288 bytes failed: Only part of a ReadProcessMemory or WriteProcessMemory request was completed. (0x12B)
[0902/182242.547:ERROR:process_memory_win.cc(73)] ReadMemory at 0x2b4df9000 of 28672 bytes failed: Only part of a ReadProcessMemory or WriteProcessMemory request was completed. (0x12B)
[0902/182242.547:ERROR:process_memory_win.cc(73)] ReadMemory at 0x2b37f5000 of 45056 bytes failed: Only part of a ReadProcessMemory or WriteProcessMemory request was completed. (0x12B)
[0902/182242.547:ERROR:process_memory_win.cc(73)] ReadMemory at 0x2b43f5000 of 45056 bytes failed: Only part of a ReadProcessMemory or WriteProcessMemory request was completed. (0x12B)
[0902/182242.551:ERROR:process_memory_win.cc(73)] ReadMemory at 0x2b4bfd000 of 12288 bytes failed: Only part of a ReadProcessMemory or WriteProcessMemory request was completed. (0x12B)
[0902/182242.551:ERROR:process_memory_win.cc(73)] ReadMemory at 0x2b2e68000 of 852 bytes failed: Only part of a ReadProcessMemory or WriteProcessMemory request was completed. (0x12B)
[0902/182242.551:ERROR:process_memory_win.cc(73)] ReadMemory at 0x2b2e69000 of 6024 bytes failed: Only part of a ReadProcessMemory or WriteProcessMemory request was completed. (0x12B)
[0902/182242.551:ERROR:process_memory_win.cc(73)] ReadMemory at 0x2b2e6b000 of 6024 bytes failed: Only part of a ReadProcessMemory or WriteProcessMemory request was completed. (0x12B)
[0902/182242.551:ERROR:process_memory_win.cc(73)] ReadMemory at 0x2b2e6d000 of 6024 bytes failed: Only part of a ReadProcessMemory or WriteProcessMemory request was completed. (0x12B)
[0902/182242.571:ERROR:process_memory_win.cc(73)] ReadMemory at 0x2b2e71000 of 6024 bytes failed: Only part of a ReadProcessMemory or WriteProcessMemory request was completed. (0x12B)
[0902/182242.571:ERROR:process_memory_win.cc(73)] ReadMemory at 0x2b2e73000 of 6024 bytes failed: Only part of a ReadProcessMemory or WriteProcessMemory request was completed. (0x12B)
[0902/182242.571:ERROR:process_memory_win.cc(73)] ReadMemory at 0x2b2e75000 of 6024 bytes failed: Only part of a ReadProcessMemory or WriteProcessMemory request was completed. (0x12B)
[0902/182242.571:ERROR:process_memory_win.cc(73)] ReadMemory at 0x2b2e77000 of 6024 bytes failed: Only part of a ReadProcessMemory or WriteProcessMemory request was completed. (0x12B)
[0902/182242.571:ERROR:process_memory_win.cc(73)] ReadMemory at 0x2b2e79000 of 6024 bytes failed: Only part of a ReadProcessMemory or WriteProcessMemory request was completed. (0x12B)
[0902/182242.571:ERROR:process_memory_win.cc(73)] ReadMemory at 0x2b2e7d000 of 6024 bytes failed: Only part of a ReadProcessMemory or WriteProcessMemory request was completed. (0x12B)
[0902/182242.571:ERROR:process_memory_win.cc(73)] ReadMemory at 0x2b2e7f000 of 6024 bytes failed: Only part of a ReadProcessMemory or WriteProcessMemory request was completed. (0x12B)
[0902/182242.571:ERROR:process_memory_win.cc(73)] ReadMemory at 0x2b2e81000 of 6024 bytes failed: Only part of a ReadProcessMemory or WriteProcessMemory request was completed. (0x12B)
[0902/182242.571:ERROR:process_memory_win.cc(73)] ReadMemory at 0x2b2e85000 of 6024 bytes failed: Only part of a ReadProcessMemory or WriteProcessMemory request was completed. (0x12B)
[0902/182242.663:ERROR:process_memory_win.cc(73)] ReadMemory at 0x2b2e8b000 of 6024 bytes failed: Only part of a ReadProcessMemory or WriteProcessMemory request was completed. (0x12B)
[0902/182242.663:ERROR:process_memory_win.cc(73)] ReadMemory at 0x2b2e8d000 of 6024 bytes failed: Only part of a ReadProcessMemory or WriteProcessMemory request was completed. (0x12B)
[0902/182242.663:ERROR:process_memory_win.cc(73)] ReadMemory at 0x2b2e8f000 of 6024 bytes failed: Only part of a ReadProcessMemory or WriteProcessMemory request was completed. (0x12B)
[0902/182242.663:ERROR:process_memory_win.cc(73)] ReadMemory at 0x1c259dd0ab0 of 512 bytes failed: Only part of a ReadProcessMemory or WriteProcessMemory request was completed. (0x12B)
[0902/182242.663:ERROR:process_memory_win.cc(73)] ReadMemory at 0x1c259dd0fc0 of 4546 bytes failed: Only part of a ReadProcessMemory or WriteProcessMemory request was completed. (0x12B)
[0902/182242.663:ERROR:process_memory_win.cc(73)] ReadMemory at 0x1c259dd2190 of 1012 bytes failed: Only part of a ReadProcessMemory or WriteProcessMemory request was completed. (0x12B)
[0902/182242.663:ERROR:process_memory_win.cc(73)] ReadMemory at 0x1c259dd27a8 of 118 bytes failed: Only part of a ReadProcessMemory or WriteProcessMemory request was completed. (0x12B)
[0902/182242.663:ERROR:process_memory_win.cc(73)] ReadMemory at 0x1c259dd2820 of 860 bytes failed: Only part of a ReadProcessMemory or WriteProcessMemory request was completed. (0x12B)
[0902/182242.663:ERROR:process_memory_win.cc(73)] ReadMemory at 0x1c259dd2b7e of 118 bytes failed: Only part of a ReadProcessMemory or WriteProcessMemory request was completed. (0x12B)
[0902/182242.663:ERROR:process_memory_win.cc(73)] ReadMemory at 0x1c259dd2bf6 of 100 bytes failed: Only part of a ReadProcessMemory or WriteProcessMemory request was completed. (0x12B)
[0902/182242.663:ERROR:process_memory_win.cc(73)] ReadMemory at 0x1c259dd2c70 of 58 bytes failed: Only part of a ReadProcessMemory or WriteProcessMemory request was completed. (0x12B)
[0902/182242.663:ERROR:process_memory_win.cc(73)] ReadMemory at 0x1c259dd2d70 of 132 bytes failed: Only part of a ReadProcessMemory or WriteProcessMemory request was completed. (0x12B)
[0902/182242.663:ERROR:process_memory_win.cc(73)] ReadMemory at 0x1c259dd2f00 of 132 bytes failed: Only part of a ReadProcessMemory or WriteProcessMemory request was completed. (0x12B)
[0902/182242.663:ERROR:process_memory_win.cc(73)] ReadMemory at 0x1c259dd30c0 of 126 bytes failed: Only part of a ReadProcessMemory or WriteProcessMemory request was completed. (0x12B)
[0902/182242.699:ERROR:process_memory_win.cc(73)] ReadMemory at 0x1c259dd34a0 of 132 bytes failed: Only part of a ReadProcessMemory or WriteProcessMemory request was completed. (0x12B)
[0902/182242.699:ERROR:process_memory_win.cc(73)] ReadMemory at 0x1c259dd3630 of 64 bytes failed: Only part of a ReadProcessMemory or WriteProcessMemory request was completed. (0x12B)
[0902/182242.699:ERROR:process_memory_win.cc(73)] ReadMemory at 0x1c259dd3680 of 132 bytes failed: Only part of a ReadProcessMemory or WriteProcessMemory request was completed. (0x12B)
[0902/182242.699:ERROR:process_memory_win.cc(73)] ReadMemory at 0x1c259dd37b0 of 54 bytes failed: Only part of a ReadProcessMemory or WriteProcessMemory request was completed. (0x12B)
[0902/182242.699:ERROR:process_memory_win.cc(73)] ReadMemory at 0x1c259dd37f0 of 132 bytes failed: Only part of a ReadProcessMemory or WriteProcessMemory request was completed. (0x12B)
[0902/182242.699:ERROR:process_memory_win.cc(73)] ReadMemory at 0x1c259dd3a80 of 132 bytes failed: Only part of a ReadProcessMemory or WriteProcessMemory request was completed. (0x12B)
[0902/182242.699:ERROR:process_memory_win.cc(73)] ReadMemory at 0x1c259dd3c10 of 68 bytes failed: Only part of a ReadProcessMemory or WriteProcessMemory request was completed. (0x12B)
[0902/182242.699:ERROR:process_memory_win.cc(73)] ReadMemory at 0x1c259dd4ae0 of 132 bytes failed: Only part of a ReadProcessMemory or WriteProcessMemory request was completed. (0x12B)
[0902/182242.699:ERROR:process_memory_win.cc(73)] ReadMemory at 0x1c259dd4c70 of 154 bytes failed: Only part of a ReadProcessMemory or WriteProcessMemory request was completed. (0x12B)
[0902/182242.699:ERROR:process_memory_win.cc(73)] ReadMemory at 0x1c259dd57c0 of 132 bytes failed: Only part of a ReadProcessMemory or WriteProcessMemory request was completed. (0x12B)
[0902/182242.699:ERROR:process_memory_win.cc(73)] ReadMemory at 0x1c259dd5a80 of 62 bytes failed: Only part of a ReadProcessMemory or WriteProcessMemory request was completed. (0x12B)
[0902/182242.699:ERROR:process_memory_win.cc(73)] ReadMemory at 0x1c259dd5ad0 of 132 bytes failed: Only part of a ReadProcessMemory or WriteProcessMemory request was completed. (0x12B)
[0902/182242.699:ERROR:process_memory_win.cc(73)] ReadMemory at 0x1c259dd5c70 of 132 bytes failed: Only part of a ReadProcessMemory or WriteProcessMemory request was completed. (0x12B)
[0902/182242.699:ERROR:process_memory_win.cc(73)] ReadMemory at 0x1c259dd5da0 of 60 bytes failed: Only part of a ReadProcessMemory or WriteProcessMemory request was completed. (0x12B)
[0902/182242.699:ERROR:process_memory_win.cc(73)] ReadMemory at 0x1c259dda550 of 132 bytes failed: Only part of a ReadProcessMemory or WriteProcessMemory request was completed. (0x12B)
[0902/182242.699:ERROR:process_memory_win.cc(73)] ReadMemory at 0x1c259dda680 of 132 bytes failed: Only part of a ReadProcessMemory or WriteProcessMemory request was completed. (0x12B)
[0902/182242.763:ERROR:process_memory_win.cc(73)] ReadMemory at 0x1c259dda810 of 80 bytes failed: Only part of a ReadProcessMemory or WriteProcessMemory request was completed. (0x12B)
[0902/182242.763:ERROR:process_memory_win.cc(73)] ReadMemory at 0x1c259dda870 of 158 bytes failed: Only part of a ReadProcessMemory or WriteProcessMemory request was completed. (0x12B)
[0902/182242.763:ERROR:process_memory_win.cc(73)] ReadMemory at 0x1c259dda9b0 of 66 bytes failed: Only part of a ReadProcessMemory or WriteProcessMemory request was completed. (0x12B)
[0902/182242.763:ERROR:process_memory_win.cc(73)] ReadMemory at 0x1c259ddaa00 of 62 bytes failed: Only part of a ReadProcessMemory or WriteProcessMemory request was completed. (0x12B)
[0902/182242.763:ERROR:process_memory_win.cc(73)] ReadMemory at 0x1c259ddaaa0 of 60 bytes failed: Only part of a ReadProcessMemory or WriteProcessMemory request was completed. (0x12B)
[0902/182242.763:ERROR:process_memory_win.cc(73)] ReadMemory at 0x1c259ddaaf0 of 64 bytes failed: Only part of a ReadProcessMemory or WriteProcessMemory request was completed. (0x12B)
[0902/182242.763:ERROR:process_memory_win.cc(73)] ReadMemory at 0x1c259ddab40 of 64 bytes failed: Only part of a ReadProcessMemory or WriteProcessMemory request was completed. (0x12B)
[0902/182242.763:ERROR:process_memory_win.cc(73)] ReadMemory at 0x1c259ddab90 of 60 bytes failed: Only part of a ReadProcessMemory or WriteProcessMemory request was completed. (0x12B)
[0902/182242.763:ERROR:process_memory_win.cc(73)] ReadMemory at 0x1c259ddabe0 of 60 bytes failed: Only part of a ReadProcessMemory or WriteProcessMemory request was completed. (0x12B)
[0902/182242.763:ERROR:process_memory_win.cc(73)] ReadMemory at 0x1c259ddac30 of 60 bytes failed: Only part of a ReadProcessMemory or WriteProcessMemory request was completed. (0x12B)
[0902/182242.763:ERROR:process_memory_win.cc(73)] ReadMemory at 0x1c259ddac80 of 62 bytes failed: Only part of a ReadProcessMemory or WriteProcessMemory request was completed. (0x12B)
[0902/182242.763:ERROR:process_memory_win.cc(73)] ReadMemory at 0x1c259ddacd0 of 64 bytes failed: Only part of a ReadProcessMemory or WriteProcessMemory request was completed. (0x12B)
[0902/182242.763:ERROR:process_memory_win.cc(73)] ReadMemory at 0x1c259ddad20 of 66 bytes failed: Only part of a ReadProcessMemory or WriteProcessMemory request was completed. (0x12B)
[0902/182242.763:ERROR:process_memory_win.cc(73)] ReadMemory at 0x1c259ddadc0 of 58 bytes failed: Only part of a ReadProcessMemory or WriteProcessMemory request was completed. (0x12B)
[0902/182242.763:ERROR:process_memory_win.cc(73)] ReadMemory at 0x1c259ddaeb0 of 64 bytes failed: Only part of a ReadProcessMemory or WriteProcessMemory request was completed. (0x12B)
[0902/182242.763:ERROR:process_memory_win.cc(73)] ReadMemory at 0x1c259ddaf00 of 62 bytes failed: Only part of a ReadProcessMemory or WriteProcessMemory request was completed. (0x12B)
[0902/182242.763:ERROR:process_memory_win.cc(73)] ReadMemory at 0x1c259ddaf50 of 64 bytes failed: Only part of a ReadProcessMemory or WriteProcessMemory request was completed. (0x12B)
[0902/182242.763:ERROR:process_memory_win.cc(73)] ReadMemory at 0x1c259ddafa0 of 62 bytes failed: Only part of a ReadProcessMemory or WriteProcessMemory request was completed. (0x12B)
[0902/182242.763:ERROR:process_memory_win.cc(73)] ReadMemory at 0x1c259ddaff0 of 60 bytes failed: Only part of a ReadProcessMemory or WriteProcessMemory request was completed. (0x12B)
[0902/182242.763:ERROR:process_memory_win.cc(73)] ReadMemory at 0x1c259ddb040 of 60 bytes failed: Only part of a ReadProcessMemory or WriteProcessMemory request was completed. (0x12B)
[0902/182242.763:ERROR:process_memory_win.cc(73)] ReadMemory at 0x1c259ddb090 of 62 bytes failed: Only part of a ReadProcessMemory or WriteProcessMemory request was completed. (0x12B)
[0902/182242.763:ERROR:process_memory_win.cc(73)] ReadMemory at 0x1c259ddb0e0 of 58 bytes failed: Only part of a ReadProcessMemory or WriteProcessMemory request was completed. (0x12B)
[0902/182242.763:ERROR:process_memory_win.cc(73)] ReadMemory at 0x1c259dde430 of 132 bytes failed: Only part of a ReadProcessMemory or WriteProcessMemory request was completed. (0x12B)
[0902/182242.763:ERROR:process_memory_win.cc(73)] ReadMemory at 0x1c259dde560 of 132 bytes failed: Only part of a ReadProcessMemory or WriteProcessMemory request was completed. (0x12B)
[0902/182242.763:ERROR:process_memory_win.cc(73)] ReadMemory at 0x1c259dde690 of 132 bytes failed: Only part of a ReadProcessMemory or WriteProcessMemory request was completed. (0x12B)
[0902/182242.763:ERROR:process_memory_win.cc(73)] ReadMemory at 0x1c259ddfba0 of 132 bytes failed: Only part of a ReadProcessMemory or WriteProcessMemory request was completed. (0x12B)
[0902/182242.763:ERROR:process_memory_win.cc(73)] ReadMemory at 0x1c259de27a0 of 132 bytes failed: Only part of a ReadProcessMemory or WriteProcessMemory request was completed. (0x12B)
[0902/182242.763:ERROR:process_memory_win.cc(73)] ReadMemory at 0x1c259de4ee0 of 512 bytes failed: Only part of a ReadProcessMemory or WriteProcessMemory request was completed. (0x12B)
[0902/182242.767:ERROR:process_memory_win.cc(73)] ReadMemory at 0x1c259de5350 of 132 bytes failed: Only part of a ReadProcessMemory or WriteProcessMemory request was completed. (0x12B)
[0902/182242.767:ERROR:process_memory_win.cc(73)] ReadMemory at 0x1c259de5480 of 132 bytes failed: Only part of a ReadProcessMemory or WriteProcessMemory request was completed. (0x12B)
[0902/182242.767:ERROR:process_memory_win.cc(73)] ReadMemory at 0x1c259de55b0 of 132 bytes failed: Only part of a ReadProcessMemory or WriteProcessMemory request was completed. (0x12B)
[0902/182242.767:ERROR:process_memory_win.cc(73)] ReadMemory at 0x1c259de56e0 of 132 bytes failed: Only part of a ReadProcessMemory or WriteProcessMemory request was completed. (0x12B)
[0902/182242.767:ERROR:process_memory_win.cc(73)] ReadMemory at 0x1c259de5810 of 132 bytes failed: Only part of a ReadProcessMemory or WriteProcessMemory request was completed. (0x12B)
[0902/182242.767:ERROR:process_memory_win.cc(73)] ReadMemory at 0x1c259de5940 of 132 bytes failed: Only part of a ReadProcessMemory or WriteProcessMemory request was completed. (0x12B)
[0902/182242.767:ERROR:process_memory_win.cc(73)] ReadMemory at 0x1c259de5a70 of 132 bytes failed: Only part of a ReadProcessMemory or WriteProcessMemory request was completed. (0x12B)
[0902/182242.767:ERROR:process_memory_win.cc(73)] ReadMemory at 0x1c259de5cd0 of 132 bytes failed: Only part of a ReadProcessMemory or WriteProcessMemory request was completed. (0x12B)
[0902/182242.767:ERROR:process_memory_win.cc(73)] ReadMemory at 0x1c259de5e00 of 132 bytes failed: Only part of a ReadProcessMemory or WriteProcessMemory request was completed. (0x12B)
[0902/182242.767:ERROR:process_memory_win.cc(73)] ReadMemory at 0x1c259de5f30 of 132 bytes failed: Only part of a ReadProcessMemory or WriteProcessMemory request was completed. (0x12B)
[0902/182242.767:ERROR:process_memory_win.cc(73)] ReadMemory at 0x1c259de6060 of 132 bytes failed: Only part of a ReadProcessMemory or WriteProcessMemory request was completed. (0x12B)
[0902/182242.767:ERROR:process_memory_win.cc(73)] ReadMemory at 0x1c259de6190 of 132 bytes failed: Only part of a ReadProcessMemory or WriteProcessMemory request was completed. (0x12B)
[0902/182242.779:ERROR:process_memory_win.cc(73)] ReadMemory at 0x1c259de6420 of 76 bytes failed: Only part of a ReadProcessMemory or WriteProcessMemory request was completed. (0x12B)
[0902/182242.779:ERROR:process_memory_win.cc(73)] ReadMemory at 0x1c259de7750 of 132 bytes failed: Only part of a ReadProcessMemory or WriteProcessMemory request was completed. (0x12B)
[0902/182242.779:ERROR:process_memory_win.cc(73)] ReadMemory at 0x1c259de7ae0 of 132 bytes failed: Only part of a ReadProcessMemory or WriteProcessMemory request was completed. (0x12B)
[0902/182242.779:ERROR:process_memory_win.cc(73)] ReadMemory at 0x1c259de7c10 of 132 bytes failed: Only part of a ReadProcessMemory or WriteProcessMemory request was completed. (0x12B)
[0902/182242.783:ERROR:process_memory_win.cc(73)] ReadMemory at 0x1c259de7fa0 of 132 bytes failed: Only part of a ReadProcessMemory or WriteProcessMemory request was completed. (0x12B)
[0902/182242.783:ERROR:process_memory_win.cc(73)] ReadMemory at 0x1c259de8330 of 132 bytes failed: Only part of a ReadProcessMemory or WriteProcessMemory request was completed. (0x12B)
[0902/182242.783:ERROR:process_memory_win.cc(73)] ReadMemory at 0x1c259de8460 of 132 bytes failed: Only part of a ReadProcessMemory or WriteProcessMemory request was completed. (0x12B)
[0902/182242.783:ERROR:process_memory_win.cc(73)] ReadMemory at 0x1c259de8590 of 132 bytes failed: Only part of a ReadProcessMemory or WriteProcessMemory request was completed. (0x12B)
[0902/182242.783:ERROR:process_memory_win.cc(73)] ReadMemory at 0x1c259de8920 of 132 bytes failed: Only part of a ReadProcessMemory or WriteProcessMemory request was completed. (0x12B)
[0902/182242.783:ERROR:process_memory_win.cc(73)] ReadMemory at 0x1c259de8cb0 of 132 bytes failed: Only part of a ReadProcessMemory or WriteProcessMemory request was completed. (0x12B)
[0902/182242.783:ERROR:process_memory_win.cc(73)] ReadMemory at 0x1c259de8de0 of 132 bytes failed: Only part of a ReadProcessMemory or WriteProcessMemory request was completed. (0x12B)
[0902/182242.783:ERROR:process_memory_win.cc(73)] ReadMemory at 0x1c259de8f10 of 132 bytes failed: Only part of a ReadProcessMemory or WriteProcessMemory request was completed. (0x12B)
[0902/182242.783:ERROR:process_memory_win.cc(73)] ReadMemory at 0x1c259de9170 of 132 bytes failed: Only part of a ReadProcessMemory or WriteProcessMemory request was completed. (0x12B)
[0902/182242.783:ERROR:process_memory_win.cc(73)] ReadMemory at 0x1c259de92a0 of 132 bytes failed: Only part of a ReadProcessMemory or WriteProcessMemory request was completed. (0x12B)
[0902/182242.835:ERROR:process_memory_win.cc(73)] ReadMemory at 0x1c259de93d0 of 132 bytes failed: Only part of a ReadProcessMemory or WriteProcessMemory request was completed. (0x12B)
[0902/182242.835:ERROR:process_memory_win.cc(73)] ReadMemory at 0x1c259de9560 of 512 bytes failed: Only part of a ReadProcessMemory or WriteProcessMemory request was completed. (0x12B)
[0902/182242.835:ERROR:process_memory_win.cc(73)] ReadMemory at 0x1c259de9d70 of 62 bytes failed: Only part of a ReadProcessMemory or WriteProcessMemory request was completed. (0x12B)
[0902/182242.835:ERROR:process_memory_win.cc(73)] ReadMemory at 0x1c259de9e10 of 64 bytes failed: Only part of a ReadProcessMemory or WriteProcessMemory request was completed. (0x12B)
[0902/182242.835:ERROR:process_memory_win.cc(73)] ReadMemory at 0x1c259de9e60 of 64 bytes failed: Only part of a ReadProcessMemory or WriteProcessMemory request was completed. (0x12B)
[0902/182242.835:ERROR:process_memory_win.cc(73)] ReadMemory at 0x1c259de9eb0 of 62 bytes failed: Only part of a ReadProcessMemory or WriteProcessMemory request was completed. (0x12B)
[0902/182242.835:ERROR:process_memory_win.cc(73)] ReadMemory at 0x1c259de9f00 of 66 bytes failed: Only part of a ReadProcessMemory or WriteProcessMemory request was completed. (0x12B)
[0902/182242.835:ERROR:process_memory_win.cc(73)] ReadMemory at 0x1c259de9f50 of 62 bytes failed: Only part of a ReadProcessMemory or WriteProcessMemory request was completed. (0x12B)
[0902/182242.835:ERROR:process_memory_win.cc(73)] ReadMemory at 0x1c259de9fa0 of 62 bytes failed: Only part of a ReadProcessMemory or WriteProcessMemory request was completed. (0x12B)
[0902/182242.835:ERROR:process_memory_win.cc(73)] ReadMemory at 0x1c259dea0e0 of 62 bytes failed: Only part of a ReadProcessMemory or WriteProcessMemory request was completed. (0x12B)
[0902/182242.835:ERROR:process_memory_win.cc(73)] ReadMemory at 0x1c259dea220 of 60 bytes failed: Only part of a ReadProcessMemory or WriteProcessMemory request was completed. (0x12B)
[0902/182242.835:ERROR:process_memory_win.cc(73)] ReadMemory at 0x1c259dea310 of 64 bytes failed: Only part of a ReadProcessMemory or WriteProcessMemory request was completed. (0x12B)
[0902/182242.835:ERROR:process_memory_win.cc(73)] ReadMemory at 0x1c259dea540 of 58 bytes failed: Only part of a ReadProcessMemory or WriteProcessMemory request was completed. (0x12B)
[0902/182242.835:ERROR:process_memory_win.cc(73)] ReadMemory at 0x1c259deac20 of 60 bytes failed: Only part of a ReadProcessMemory or WriteProcessMemory request was completed. (0x12B)
[0902/182242.835:ERROR:process_memory_win.cc(73)] ReadMemory at 0x1c259dfe6a0 of 512 bytes failed: Only part of a ReadProcessMemory or WriteProcessMemory request was completed. (0x12B)
[0902/182242.835:ERROR:process_memory_win.cc(73)] ReadMemory at 0x1c259f24d1c of 512 bytes failed: Only part of a ReadProcessMemory or WriteProcessMemory request was completed. (0x12B)
[0902/182242.835:ERROR:process_memory_win.cc(73)] ReadMemory at 0x1c25a01aba0 of 512 bytes failed: Only part of a ReadProcessMemory or WriteProcessMemory request was completed. (0x12B)
[0902/182242.835:ERROR:process_memory_win.cc(73)] ReadMemory at 0x1c25a020300 of 512 bytes failed: Only part of a ReadProcessMemory or WriteProcessMemory request was completed. (0x12B)
[0902/182242.835:ERROR:process_memory_win.cc(73)] ReadMemory at 0x1c25a023570 of 512 bytes failed: Only part of a ReadProcessMemory or WriteProcessMemory request was completed. (0x12B)
[0902/182242.835:ERROR:process_memory_win.cc(73)] ReadMemory at 0x1c25a03fdf0 of 712 bytes failed: Only part of a ReadProcessMemory or WriteProcessMemory request was completed. (0x12B)
[0902/182242.835:ERROR:process_memory_win.cc(73)] ReadMemory at 0x1c25a05a0f0 of 512 bytes failed: Only part of a ReadProcessMemory or WriteProcessMemory request was completed. (0x12B)
[0902/182242.835:ERROR:process_memory_win.cc(73)] ReadMemory at 0x1c25a063da0 of 512 bytes failed: Only part of a ReadProcessMemory or WriteProcessMemory request was completed. (0x12B)
[0902/182242.835:ERROR:process_memory_win.cc(73)] ReadMemory at 0x1c25a06fc40 of 512 bytes failed: Only part of a ReadProcessMemory or WriteProcessMemory request was completed. (0x12B)
[0902/182242.839:ERROR:process_memory_win.cc(73)] ReadMemory at 0x1c25a078cc8 of 512 bytes failed: Only part of a ReadProcessMemory or WriteProcessMemory request was completed. (0x12B)
[0902/182242.839:ERROR:process_memory_win.cc(73)] ReadMemory at 0x1c25bfe41c0 of 512 bytes failed: Only part of a ReadProcessMemory or WriteProcessMemory request was completed. (0x12B)
[0902/182242.839:ERROR:process_memory_win.cc(73)] ReadMemory at 0x1c25bff5cf8 of 512 bytes failed: Only part of a ReadProcessMemory or WriteProcessMemory request was completed. (0x12B)
[0902/182242.839:ERROR:process_memory_win.cc(73)] ReadMemory at 0x1c25bff65f8 of 512 bytes failed: Only part of a ReadProcessMemory or WriteProcessMemory request was completed. (0x12B)
[0902/182242.839:ERROR:process_memory_win.cc(73)] ReadMemory at 0x1c25bff72e8 of 512 bytes failed: Only part of a ReadProcessMemory or WriteProcessMemory request was completed. (0x12B)
[0902/182242.839:ERROR:process_memory_win.cc(73)] ReadMemory at 0x1c25c132ac0 of 608 bytes failed: Only part of a ReadProcessMemory or WriteProcessMemory request was completed. (0x12B)
[0902/182242.839:ERROR:process_memory_win.cc(73)] ReadMemory at 0x1c25c2015c0 of 512 bytes failed: Only part of a ReadProcessMemory or WriteProcessMemory request was completed. (0x12B)
[0902/182242.839:ERROR:process_memory_win.cc(73)] ReadMemory at 0x1c25c23aa60 of 512 bytes failed: Only part of a ReadProcessMemory or WriteProcessMemory request was completed. (0x12B)
[0902/182242.839:ERROR:process_memory_win.cc(73)] ReadMemory at 0x1c25c2b6640 of 512 bytes failed: Only part of a ReadProcessMemory or WriteProcessMemory request was completed. (0x12B)
[0902/182242.839:ERROR:process_memory_win.cc(73)] ReadMemory at 0x1c25fb12fb0 of 512 bytes failed: Only part of a ReadProcessMemory or WriteProcessMemory request was completed. (0x12B)
[0902/182242.839:ERROR:process_memory_win.cc(73)] ReadMemory at 0x1c262875040 of 512 bytes failed: Only part of a ReadProcessMemory or WriteProcessMemory request was completed. (0x12B)
[0902/182242.839:ERROR:process_memory_win.cc(73)] ReadMemory at 0xdde7e4c0000 of 384 bytes failed: Only part of a ReadProcessMemory or WriteProcessMemory request was completed. (0x12B)
[0902/182242.839:ERROR:process_memory_win.cc(73)] ReadMemory at 0x7ff80b59a308 of 512 bytes failed: Only part of a ReadProcessMemory or WriteProcessMemory request was completed. (0x12B)
[0902/182242.839:ERROR:process_memory_win.cc(73)] ReadMemory at 0x7ff80e330e00 of 512 bytes failed: Only part of a ReadProcessMemory or WriteProcessMemory request was completed. (0x12B)
[0902/182242.839:ERROR:process_memory_win.cc(73)] ReadMemory at 0x7ff80e5b79f0 of 512 bytes failed: Only part of a ReadProcessMemory or WriteProcessMemory request was completed. (0x12B)
[0902/182242.839:ERROR:process_memory_win.cc(73)] ReadMemory at 0x7ff80e5b82e0 of 512 bytes failed: Only part of a ReadProcessMemory or WriteProcessMemory request was completed. (0x12B)
[0902/182242.871:ERROR:process_memory_win.cc(73)] ReadMemory at 0x7ff80e5ba0d0 of 512 bytes failed: Only part of a ReadProcessMemory or WriteProcessMemory request was completed. (0x12B)
[0902/182242.871:ERROR:process_memory_win.cc(73)] ReadMemory at 0x7ff80e62a9a4 of 672 bytes failed: Only part of a ReadProcessMemory or WriteProcessMemory request was completed. (0x12B)
[0902/182242.871:ERROR:process_memory_win.cc(73)] ReadMemory at 0x7ff80e62afa4 of 512 bytes failed: Only part of a ReadProcessMemory or WriteProcessMemory request was completed. (0x12B)
[0902/182242.871:ERROR:process_memory_win.cc(73)] ReadMemory at 0x7ff80e62e214 of 608 bytes failed: Only part of a ReadProcessMemory or WriteProcessMemory request was completed. (0x12B)
[0902/182242.871:ERROR:process_memory_win.cc(73)] ReadMemory at 0x7ff80e6b01e0 of 18 bytes failed: Only part of a ReadProcessMemory or WriteProcessMemory request was completed. (0x12B)
[0902/182242.871:ERROR:process_memory_win.cc(73)] ReadMemory at 0x7ff80e6e65b0 of 40 bytes failed: Only part of a ReadProcessMemory or WriteProcessMemory request was completed. (0x12B)
[0902/182242.871:ERROR:process_memory_win.cc(73)] ReadMemory at 0x7ff80e6e6a08 of 48 bytes failed: Only part of a ReadProcessMemory or WriteProcessMemory request was completed. (0x12B)
[0902/182242.871:ERROR:process_memory_win.cc(73)] ReadMemory at 0x7ff80e6ec360 of 64 bytes failed: Only part of a ReadProcessMemory or WriteProcessMemory request was completed. (0x12B)
[0902/182242.871:ERROR:process_memory_win.cc(73)] ReadMemory at 0x7fffbcebced0 of 512 bytes failed: Only part of a ReadProcessMemory or WriteProcessMemory request was completed. (0x12B)
[0902/182242.871:ERROR:process_memory_win.cc(73)] ReadMemory at 0x7fffbdcb25bd of 512 bytes failed: Only part of a ReadProcessMemory or WriteProcessMemory request was completed. (0x12B)
[0902/182242.871:ERROR:process_memory_win.cc(73)] ReadMemory at 0x7fffbe864a1c of 512 bytes failed: Only part of a ReadProcessMemory or WriteProcessMemory request was completed. (0x12B)
[0902/182242.871:ERROR:process_memory_win.cc(73)] ReadMemory at 0x7fffc1100cce of 512 bytes failed: Only part of a ReadProcessMemory or WriteProcessMemory request was completed. (0x12B)
[0902/182242.871:ERROR:process_memory_win.cc(73)] ReadMemory at 0x7fffc15918cf of 512 bytes failed: Only part of a ReadProcessMemory or WriteProcessMemory request was completed. (0x12B)
[0902/182242.871:ERROR:process_memory_win.cc(73)] ReadMemory at 0x7fffc1591bd3 of 512 bytes failed: Only part of a ReadProcessMemory or WriteProcessMemory request was completed. (0x12B)
[0902/182242.915:ERROR:scoped_process_suspend.cc(40)] NtResumeProcess: An attempt was made to access an exiting process. (0xc000010a)
